<?xml version="1.0" encoding="UTF-8"?>
<!-- Generated by org.testng.reporters.JUnitReportReporter -->
<testsuite hostname="DESKTOP-V9OMTJ7" failures="0" tests="1" name="test.LoginTest" time="6.106" errors="0" timestamp="2023-07-31T13:02:47 CDT" skipped="0">
  <testcase classname="test.LoginTest" name="validUserShouldBeAbleToLogin" time="6.106"/>
</testsuite> <!-- test.LoginTest -->
