<?xml version="1.0" encoding="UTF-8"?>
<!-- Generated by org.testng.reporters.JUnitReportReporter -->
<testsuite hostname="DESKTOP-V9OMTJ7" failures="0" tests="1" name="test.AddCustomerTest" time="7.782" errors="0" timestamp="2023-07-31T14:01:09 CDT" skipped="0">
  <testcase classname="test.AddCustomerTest" name="validUserShouldBeAbleToLogin" time="7.782"/>
</testsuite> <!-- test.AddCustomerTest -->
